app/build/intermediates/manifest_merge_blame_file/debug/manifest-merger-blame-debug-report.txt
1<?xml version="1.0" encoding="utf-8"?>
2<manifest xmlns:android="http://schemas.android.com/apk/res/android"
3    package="com.example.expensetrack"
4    android:versionCode="1"
5    android:versionName="1.0" >
6
7    <uses-sdk
8        android:minSdkVersion="21"
8-->src\main\AndroidManifest.xml
9        android:targetSdkVersion="32" />
9-->src\main\AndroidManifest.xml
10    <!-- Internet Permissio -->
11    <uses-permission android:name="android.permission.INTERNET" />
11-->src\main\AndroidManifest.xml:5:5-67
11-->src\main\AndroidManifest.xml:5:22-64
12    <uses-permission android:name="android.permission.ACCESS_NETWORK_STATE" />
12-->[com.google.firebase:firebase-auth:21.0.1] AndroidManifest.xml:24:5-79
12-->[com.google.firebase:firebase-auth:21.0.1] AndroidManifest.xml:24:22-76
13    <uses-permission android:name="android.permission.WAKE_LOCK" />
13-->[com.google.android.gms:play-services-measurement-api:20.0.2] AndroidManifest.xml:24:5-68
13-->[com.google.android.gms:play-services-measurement-api:20.0.2] AndroidManifest.xml:24:22-65
14    <uses-permission android:name="com.google.android.finsky.permission.BIND_GET_INSTALL_REFERRER_SERVICE" /> <!-- Include required permissions for Advertising Id -->
14-->[com.google.android.gms:play-services-measurement:20.0.2] AndroidManifest.xml:26:5-110
14-->[com.google.android.gms:play-services-measurement:20.0.2] AndroidManifest.xml:26:22-107
15    <uses-permission android:name="com.google.android.gms.permission.AD_ID" />
15-->[com.google.android.gms:play-services-ads-identifier:18.0.0] AndroidManifest.xml:23:5-79
15-->[com.google.android.gms:play-services-ads-identifier:18.0.0] AndroidManifest.xml:23:22-76
16
17    <application
17-->src\main\AndroidManifest.xml:7:5-34:19
18        android:allowBackup="true"
18-->src\main\AndroidManifest.xml:8:9-35
19        android:appComponentFactory="androidx.core.app.CoreComponentFactory"
19-->[androidx.core:core:1.5.0] AndroidManifest.xml:24:18-86
20        android:debuggable="true"
21        android:icon="@mipmap/ic_launcher"
21-->src\main\AndroidManifest.xml:9:9-43
22        android:label="@string/app_name"
22-->src\main\AndroidManifest.xml:10:9-41
23        android:roundIcon="@mipmap/ic_launcher_round"
23-->src\main\AndroidManifest.xml:11:9-54
24        android:supportsRtl="true"
24-->src\main\AndroidManifest.xml:12:9-35
25        android:testOnly="true"
26        android:theme="@style/Theme.ExpenseTrack" >
26-->src\main\AndroidManifest.xml:13:9-50
27        <activity
27-->src\main\AndroidManifest.xml:14:9-16:40
28            android:name="com.example.expensetrack.test"
28-->src\main\AndroidManifest.xml:15:13-33
29            android:exported="false" />
29-->src\main\AndroidManifest.xml:16:13-37
30        <activity
30-->src\main\AndroidManifest.xml:17:9-19:40
31            android:name="com.example.expensetrack.MainActivity"
31-->src\main\AndroidManifest.xml:18:13-41
32            android:exported="false" />
32-->src\main\AndroidManifest.xml:19:13-37
33        <activity
33-->src\main\AndroidManifest.xml:20:9-22:40
34            android:name="com.example.expensetrack.ProfileActivity"
34-->src\main\AndroidManifest.xml:21:13-44
35            android:exported="false" />
35-->src\main\AndroidManifest.xml:22:13-37
36        <activity
36-->src\main\AndroidManifest.xml:23:9-25:40
37            android:name="com.example.expensetrack.SignUpActivity"
37-->src\main\AndroidManifest.xml:24:13-43
38            android:exported="false" />
38-->src\main\AndroidManifest.xml:25:13-37
39        <activity
39-->src\main\AndroidManifest.xml:26:9-33:20
40            android:name="com.example.expensetrack.LoginActivity"
40-->src\main\AndroidManifest.xml:27:13-42
41            android:exported="true" >
41-->src\main\AndroidManifest.xml:28:13-36
42            <intent-filter>
42-->src\main\AndroidManifest.xml:29:13-32:29
43                <action android:name="android.intent.action.MAIN" />
43-->src\main\AndroidManifest.xml:30:17-69
43-->src\main\AndroidManifest.xml:30:25-66
44
45                <category android:name="android.intent.category.LAUNCHER" />
45-->src\main\AndroidManifest.xml:31:17-77
45-->src\main\AndroidManifest.xml:31:27-74
46            </intent-filter>
47        </activity>
48
49        <service
49-->[com.google.firebase:firebase-analytics-ktx:20.0.2] AndroidManifest.xml:8:9-14:19
50            android:name="com.google.firebase.components.ComponentDiscoveryService"
50-->[com.google.firebase:firebase-analytics-ktx:20.0.2] AndroidManifest.xml:9:13-84
51            android:directBootAware="true"
51-->[com.google.firebase:firebase-common:20.0.0] AndroidManifest.xml:35:13-43
52            android:exported="false" >
52-->[com.google.firebase:firebase-analytics-ktx:20.0.2] AndroidManifest.xml:10:13-37
53            <meta-data
53-->[com.google.firebase:firebase-analytics-ktx:20.0.2] AndroidManifest.xml:11:13-13:85
54                android:name="com.google.firebase.components:com.google.firebase.analytics.ktx.FirebaseAnalyticsKtxRegistrar"
54-->[com.google.firebase:firebase-analytics-ktx:20.0.2] AndroidManifest.xml:12:17-126
55                android:value="com.google.firebase.components.ComponentRegistrar" />
55-->[com.google.firebase:firebase-analytics-ktx:20.0.2] AndroidManifest.xml:13:17-82
56            <meta-data
56-->[com.google.firebase:firebase-auth-ktx:21.0.1] AndroidManifest.xml:11:13-13:85
57                android:name="com.google.firebase.components:com.google.firebase.auth.ktx.FirebaseAuthKtxRegistrar"
57-->[com.google.firebase:firebase-auth-ktx:21.0.1] AndroidManifest.xml:12:17-116
58                android:value="com.google.firebase.components.ComponentRegistrar" />
58-->[com.google.firebase:firebase-auth-ktx:21.0.1] AndroidManifest.xml:13:17-82
59            <meta-data
59-->[com.google.firebase:firebase-database-ktx:20.0.3] AndroidManifest.xml:15:13-17:85
60                android:name="com.google.firebase.components:com.google.firebase.database.ktx.FirebaseDatabaseKtxRegistrar"
60-->[com.google.firebase:firebase-database-ktx:20.0.3] AndroidManifest.xml:16:17-124
61                android:value="com.google.firebase.components.ComponentRegistrar" />
61-->[com.google.firebase:firebase-database-ktx:20.0.3] AndroidManifest.xml:17:17-82
62            <meta-data
62-->[com.google.firebase:firebase-firestore-ktx:24.0.0] AndroidManifest.xml:15:13-17:85
63                android:name="com.google.firebase.components:com.google.firebase.firestore.ktx.FirebaseFirestoreKtxRegistrar"
63-->[com.google.firebase:firebase-firestore-ktx:24.0.0] AndroidManifest.xml:16:17-126
64                android:value="com.google.firebase.components.ComponentRegistrar" />
64-->[com.google.firebase:firebase-firestore-ktx:24.0.0] AndroidManifest.xml:17:17-82
65            <meta-data
65-->[com.google.firebase:firebase-auth:21.0.1] AndroidManifest.xml:77:13-79:85
66                android:name="com.google.firebase.components:com.google.firebase.auth.FirebaseAuthRegistrar"
66-->[com.google.firebase:firebase-auth:21.0.1] AndroidManifest.xml:78:17-109
67                android:value="com.google.firebase.components.ComponentRegistrar" />
67-->[com.google.firebase:firebase-auth:21.0.1] AndroidManifest.xml:79:17-82
68            <meta-data
68-->[com.google.firebase:firebase-database:20.0.3] AndroidManifest.xml:32:13-34:85
69                android:name="com.google.firebase.components:com.google.firebase.database.DatabaseRegistrar"
69-->[com.google.firebase:firebase-database:20.0.3] AndroidManifest.xml:33:17-109
70                android:value="com.google.firebase.components.ComponentRegistrar" />
70-->[com.google.firebase:firebase-database:20.0.3] AndroidManifest.xml:34:17-82
71            <meta-data
71-->[com.google.firebase:firebase-firestore:24.0.0] AndroidManifest.xml:20:13-22:85
72                android:name="com.google.firebase.components:com.google.firebase.firestore.FirestoreRegistrar"
72-->[com.google.firebase:firebase-firestore:24.0.0] AndroidManifest.xml:21:17-111
73                android:value="com.google.firebase.components.ComponentRegistrar" />
73-->[com.google.firebase:firebase-firestore:24.0.0] AndroidManifest.xml:22:17-82
74            <meta-data
74-->[com.google.firebase:firebase-common-ktx:20.0.0] AndroidManifest.xml:15:13-17:85
75                android:name="com.google.firebase.components:com.google.firebase.ktx.FirebaseCommonKtxRegistrar"
75-->[com.google.firebase:firebase-common-ktx:20.0.0] AndroidManifest.xml:16:17-113
76                android:value="com.google.firebase.components.ComponentRegistrar" />
76-->[com.google.firebase:firebase-common-ktx:20.0.0] AndroidManifest.xml:17:17-82
77            <meta-data
77-->[com.google.android.gms:play-services-measurement-api:20.0.2] AndroidManifest.xml:30:13-32:85
78                android:name="com.google.firebase.components:com.google.firebase.analytics.connector.internal.AnalyticsConnectorRegistrar"
78-->[com.google.android.gms:play-services-measurement-api:20.0.2] AndroidManifest.xml:31:17-139
79                android:value="com.google.firebase.components.ComponentRegistrar" />
79-->[com.google.android.gms:play-services-measurement-api:20.0.2] AndroidManifest.xml:32:17-82
80            <meta-data
80-->[com.google.firebase:firebase-installations:17.0.0] AndroidManifest.xml:18:13-20:85
81                android:name="com.google.firebase.components:com.google.firebase.installations.FirebaseInstallationsRegistrar"
81-->[com.google.firebase:firebase-installations:17.0.0] AndroidManifest.xml:19:17-127
82                android:value="com.google.firebase.components.ComponentRegistrar" />
82-->[com.google.firebase:firebase-installations:17.0.0] AndroidManifest.xml:20:17-82
83        </service>
84
85        <activity
85-->[com.google.android.gms:play-services-auth:19.0.0] AndroidManifest.xml:23:9-27:75
86            android:name="com.google.android.gms.auth.api.signin.internal.SignInHubActivity"
86-->[com.google.android.gms:play-services-auth:19.0.0] AndroidManifest.xml:24:13-93
87            android:excludeFromRecents="true"
87-->[com.google.android.gms:play-services-auth:19.0.0] AndroidManifest.xml:25:13-46
88            android:exported="false"
88-->[com.google.android.gms:play-services-auth:19.0.0] AndroidManifest.xml:26:13-37
89            android:theme="@android:style/Theme.Translucent.NoTitleBar" />
89-->[com.google.android.gms:play-services-auth:19.0.0] AndroidManifest.xml:27:13-72
90        <!--
91            Service handling Google Sign-In user revocation. For apps that do not integrate with
92            Google Sign-In, this service will never be started.
93        -->
94        <service
94-->[com.google.android.gms:play-services-auth:19.0.0] AndroidManifest.xml:33:9-37:51
95            android:name="com.google.android.gms.auth.api.signin.RevocationBoundService"
95-->[com.google.android.gms:play-services-auth:19.0.0] AndroidManifest.xml:34:13-89
96            android:exported="true"
96-->[com.google.android.gms:play-services-auth:19.0.0] AndroidManifest.xml:35:13-36
97            android:permission="com.google.android.gms.auth.api.signin.permission.REVOCATION_NOTIFICATION"
97-->[com.google.android.gms:play-services-auth:19.0.0] AndroidManifest.xml:36:13-107
98            android:visibleToInstantApps="true" />
98-->[com.google.android.gms:play-services-auth:19.0.0] AndroidManifest.xml:37:13-48
99
100        <activity
100-->[com.google.firebase:firebase-auth:21.0.1] AndroidManifest.xml:27:9-44:20
101            android:name="com.google.firebase.auth.internal.GenericIdpActivity"
101-->[com.google.firebase:firebase-auth:21.0.1] AndroidManifest.xml:28:13-80
102            android:excludeFromRecents="true"
102-->[com.google.firebase:firebase-auth:21.0.1] AndroidManifest.xml:29:13-46
103            android:exported="true"
103-->[com.google.firebase:firebase-auth:21.0.1] AndroidManifest.xml:30:13-36
104            android:launchMode="singleTask"
104-->[com.google.firebase:firebase-auth:21.0.1] AndroidManifest.xml:31:13-44
105            android:theme="@android:style/Theme.Translucent.NoTitleBar" >
105-->[com.google.firebase:firebase-auth:21.0.1] AndroidManifest.xml:32:13-72
106            <intent-filter>
106-->[com.google.firebase:firebase-auth:21.0.1] AndroidManifest.xml:33:13-43:29
107                <action android:name="android.intent.action.VIEW" />
107-->[com.google.firebase:firebase-auth:21.0.1] AndroidManifest.xml:34:17-69
107-->[com.google.firebase:firebase-auth:21.0.1] AndroidManifest.xml:34:25-66
108
109                <category android:name="android.intent.category.DEFAULT" />
109-->[com.google.firebase:firebase-auth:21.0.1] AndroidManifest.xml:36:17-76
109-->[com.google.firebase:firebase-auth:21.0.1] AndroidManifest.xml:36:27-73
110                <category android:name="android.intent.category.BROWSABLE" />
110-->[com.google.firebase:firebase-auth:21.0.1] AndroidManifest.xml:37:17-78
110-->[com.google.firebase:firebase-auth:21.0.1] AndroidManifest.xml:37:27-75
111
112                <data
112-->[com.google.firebase:firebase-auth:21.0.1] AndroidManifest.xml:39:17-42:51
113                    android:host="firebase.auth"
113-->[com.google.firebase:firebase-auth:21.0.1] AndroidManifest.xml:40:21-49
114                    android:path="/"
114-->[com.google.firebase:firebase-auth:21.0.1] AndroidManifest.xml:41:21-37
115                    android:scheme="genericidp" />
115-->[com.google.firebase:firebase-auth:21.0.1] AndroidManifest.xml:42:21-48
116            </intent-filter>
117        </activity>
118        <activity
118-->[com.google.firebase:firebase-auth:21.0.1] AndroidManifest.xml:45:9-62:20
119            android:name="com.google.firebase.auth.internal.RecaptchaActivity"
119-->[com.google.firebase:firebase-auth:21.0.1] AndroidManifest.xml:46:13-79
120            android:excludeFromRecents="true"
120-->[com.google.firebase:firebase-auth:21.0.1] AndroidManifest.xml:47:13-46
121            android:exported="true"
121-->[com.google.firebase:firebase-auth:21.0.1] AndroidManifest.xml:48:13-36
122            android:launchMode="singleTask"
122-->[com.google.firebase:firebase-auth:21.0.1] AndroidManifest.xml:49:13-44
123            android:theme="@android:style/Theme.Translucent.NoTitleBar" >
123-->[com.google.firebase:firebase-auth:21.0.1] AndroidManifest.xml:50:13-72
124            <intent-filter>
124-->[com.google.firebase:firebase-auth:21.0.1] AndroidManifest.xml:51:13-61:29
125                <action android:name="android.intent.action.VIEW" />
125-->[com.google.firebase:firebase-auth:21.0.1] AndroidManifest.xml:34:17-69
125-->[com.google.firebase:firebase-auth:21.0.1] AndroidManifest.xml:34:25-66
126
127                <category android:name="android.intent.category.DEFAULT" />
127-->[com.google.firebase:firebase-auth:21.0.1] AndroidManifest.xml:36:17-76
127-->[com.google.firebase:firebase-auth:21.0.1] AndroidManifest.xml:36:27-73
128                <category android:name="android.intent.category.BROWSABLE" />
128-->[com.google.firebase:firebase-auth:21.0.1] AndroidManifest.xml:37:17-78
128-->[com.google.firebase:firebase-auth:21.0.1] AndroidManifest.xml:37:27-75
129
130                <data
130-->[com.google.firebase:firebase-auth:21.0.1] AndroidManifest.xml:39:17-42:51
131                    android:host="firebase.auth"
131-->[com.google.firebase:firebase-auth:21.0.1] AndroidManifest.xml:40:21-49
132                    android:path="/"
132-->[com.google.firebase:firebase-auth:21.0.1] AndroidManifest.xml:41:21-37
133                    android:scheme="recaptcha" />
133-->[com.google.firebase:firebase-auth:21.0.1] AndroidManifest.xml:42:21-48
134            </intent-filter>
135        </activity>
136
137        <service
137-->[com.google.firebase:firebase-auth:21.0.1] AndroidManifest.xml:64:9-73:19
138            android:name="com.google.firebase.auth.api.fallback.service.FirebaseAuthFallbackService"
138-->[com.google.firebase:firebase-auth:21.0.1] AndroidManifest.xml:65:13-101
139            android:enabled="true"
139-->[com.google.firebase:firebase-auth:21.0.1] AndroidManifest.xml:66:13-35
140            android:exported="false" >
140-->[com.google.firebase:firebase-auth:21.0.1] AndroidManifest.xml:67:13-37
141            <intent-filter>
141-->[com.google.firebase:firebase-auth:21.0.1] AndroidManifest.xml:68:13-72:29
142                <action android:name="com.google.firebase.auth.api.gms.service.START" />
142-->[com.google.firebase:firebase-auth:21.0.1] AndroidManifest.xml:69:17-89
142-->[com.google.firebase:firebase-auth:21.0.1] AndroidManifest.xml:69:25-86
143
144                <category android:name="android.intent.category.DEFAULT" />
144-->[com.google.firebase:firebase-auth:21.0.1] AndroidManifest.xml:36:17-76
144-->[com.google.firebase:firebase-auth:21.0.1] AndroidManifest.xml:36:27-73
145            </intent-filter>
146        </service>
147
148        <activity
148-->[com.google.android.gms:play-services-base:17.1.0] AndroidManifest.xml:23:9-26:75
149            android:name="com.google.android.gms.common.api.GoogleApiActivity"
149-->[com.google.android.gms:play-services-base:17.1.0] AndroidManifest.xml:24:13-79
150            android:exported="false"
150-->[com.google.android.gms:play-services-base:17.1.0] AndroidManifest.xml:25:13-37
151            android:theme="@android:style/Theme.Translucent.NoTitleBar" />
151-->[com.google.android.gms:play-services-base:17.1.0] AndroidManifest.xml:26:13-72
152
153        <provider
153-->[com.google.firebase:firebase-common:20.0.0] AndroidManifest.xml:26:9-31:39
154            android:name="com.google.firebase.provider.FirebaseInitProvider"
154-->[com.google.firebase:firebase-common:20.0.0] AndroidManifest.xml:27:13-77
155            android:authorities="com.example.expensetrack.firebaseinitprovider"
155-->[com.google.firebase:firebase-common:20.0.0] AndroidManifest.xml:28:13-72
156            android:directBootAware="true"
156-->[com.google.firebase:firebase-common:20.0.0] AndroidManifest.xml:29:13-43
157            android:exported="false"
157-->[com.google.firebase:firebase-common:20.0.0] AndroidManifest.xml:30:13-37
158            android:initOrder="100" />
158-->[com.google.firebase:firebase-common:20.0.0] AndroidManifest.xml:31:13-36
159
160        <receiver
160-->[com.google.android.gms:play-services-measurement:20.0.2] AndroidManifest.xml:29:9-33:20
161            android:name="com.google.android.gms.measurement.AppMeasurementReceiver"
161-->[com.google.android.gms:play-services-measurement:20.0.2] AndroidManifest.xml:30:13-85
162            android:enabled="true"
162-->[com.google.android.gms:play-services-measurement:20.0.2] AndroidManifest.xml:31:13-35
163            android:exported="false" >
163-->[com.google.android.gms:play-services-measurement:20.0.2] AndroidManifest.xml:32:13-37
164        </receiver>
165
166        <service
166-->[com.google.android.gms:play-services-measurement:20.0.2] AndroidManifest.xml:35:9-38:40
167            android:name="com.google.android.gms.measurement.AppMeasurementService"
167-->[com.google.android.gms:play-services-measurement:20.0.2] AndroidManifest.xml:36:13-84
168            android:enabled="true"
168-->[com.google.android.gms:play-services-measurement:20.0.2] AndroidManifest.xml:37:13-35
169            android:exported="false" />
169-->[com.google.android.gms:play-services-measurement:20.0.2] AndroidManifest.xml:38:13-37
170        <service
170-->[com.google.android.gms:play-services-measurement:20.0.2] AndroidManifest.xml:39:9-43:72
171            android:name="com.google.android.gms.measurement.AppMeasurementJobService"
171-->[com.google.android.gms:play-services-measurement:20.0.2] AndroidManifest.xml:40:13-87
172            android:enabled="true"
172-->[com.google.android.gms:play-services-measurement:20.0.2] AndroidManifest.xml:41:13-35
173            android:exported="false"
173-->[com.google.android.gms:play-services-measurement:20.0.2] AndroidManifest.xml:42:13-37
174            android:permission="android.permission.BIND_JOB_SERVICE" />
174-->[com.google.android.gms:play-services-measurement:20.0.2] AndroidManifest.xml:43:13-69
175
176        <meta-data
176-->[com.google.android.gms:play-services-basement:18.0.0] AndroidManifest.xml:21:9-23:69
177            android:name="com.google.android.gms.version"
177-->[com.google.android.gms:play-services-basement:18.0.0] AndroidManifest.xml:22:13-58
178            android:value="@integer/google_play_services_version" />
178-->[com.google.android.gms:play-services-basement:18.0.0] AndroidManifest.xml:23:13-66
179    </application>
180
181</manifest>